2026-02-17 02:27:37,157 - spotify_analyzer - WARNING - ⚠️ Spotify API не настроен (работа в базовом режиме)
2026-02-17 02:27:37,165 - __main__ - INFO - 🔍 Сканирование: /Users/daniil/Desktop/Music/ALLDSSD
2026-02-17 02:27:37,285 - __main__ - INFO - ✓ Найдено: 2031 аудиофайлов
2026-02-17 02:27:37,285 - __main__ - INFO - ✓ К анализу: 2031 треков
2026-02-17 02:27:37,285 - __main__ - INFO - Отменено
2026-02-17 02:32:58,377 - spotify_analyzer - WARNING - ⚠️ Spotify API не настроен (работа в базовом режиме)
2026-02-17 02:32:58,377 - __main__ - INFO - 🔍 Сканирование: /Users/daniil/Desktop/Music/ALLDSSD
2026-02-17 02:32:58,484 - __main__ - INFO - ✓ Найдено: 2031 аудиофайлов
2026-02-17 02:32:58,484 - __main__ - INFO - ✓ К анализу: 2031 треков
2026-02-17 02:32:58,484 - __main__ - INFO - Отменено
2026-02-17 02:34:48,222 - spotify_analyzer - WARNING - ⚠️ Spotify API не настроен (работа в базовом режиме)
2026-02-17 02:34:48,223 - __main__ - INFO - 🔍 Сканирование: /Users/daniil/Desktop/Music/ALLDSSD
2026-02-17 02:34:48,258 - __main__ - INFO - ✓ Найдено: 2031 аудиофайлов
2026-02-17 02:34:58,646 - __main__ - INFO - ✓ К анализу: 7 треков
2026-02-17 02:35:05,559 - __main__ - INFO - 🎵 Начинаем анализ 7 треков...
2026-02-17 02:35:05,559 - __main__ - INFO - Режим: параллельный (воркеров: 4)
2026-02-17 02:35:32,466 - __main__ - INFO - ✓ Анализ завершён: 7 треков
2026-02-17 02:35:32,476 - __main__ - INFO - Калибровка энергии: процентили 20%=1.000, 40%=1.000, 60%=1.000, 80%=1.000
2026-02-17 02:35:32,477 - __main__ - INFO - 📝 Создание Rekordbox XML...
2026-02-17 02:35:32,479 - root - ERROR - ❌ Необработанная ошибка
Traceback (most recent call last):
  File "/Users/daniil/Desktop/DSSD_OMNI/apps/dsmscbot/main.py", line 497, in <module>
    main()
  File "/Users/daniil/Desktop/DSSD_OMNI/apps/dsmscbot/main.py", line 464, in main
    create_rekordbox_xml(results, str(xml_path))
  File "/Users/daniil/Desktop/DSSD_OMNI/apps/dsmscbot/rekordbox_xml.py", line 258, in create_rekordbox_xml
    generator.create_playlist(generator._normalize_name(genre), cat_track_ids, genre_folder)
AttributeError: 'RekordboxXMLGenerator' object has no attribute '_normalize_name'
2026-02-17 02:57:10,704 - spotify_analyzer - WARNING - ⚠️ Spotify API не настроен (работа в базовом режиме)
2026-02-17 02:57:10,704 - __main__ - INFO - 🔍 Сканирование: /Users/daniil/Desktop/Music/ALLDSSD
2026-02-17 02:57:10,747 - __main__ - INFO - ✓ Найдено: 2031 аудиофайлов
2026-02-17 02:57:20,788 - __main__ - INFO - ✓ К анализу: 7 треков
2026-02-17 02:57:38,716 - __main__ - INFO - 🎵 Начинаем анализ 7 треков...
2026-02-17 02:57:38,717 - __main__ - INFO - Режим: параллельный (воркеров: 4)
2026-02-17 02:58:00,461 - __main__ - INFO - ✓ Анализ завершён: 7 треков
2026-02-17 02:58:00,467 - __main__ - INFO - Калибровка энергии: процентили 20%=1.000, 40%=1.000, 60%=1.000, 80%=1.000
2026-02-17 02:58:00,468 - __main__ - INFO - 📝 Создание Rekordbox XML...
2026-02-17 02:58:00,470 - root - ERROR - ❌ Необработанная ошибка
Traceback (most recent call last):
  File "/Users/daniil/Desktop/DSSD_OMNI/apps/dsmscbot/main.py", line 497, in <module>
    main()
  File "/Users/daniil/Desktop/DSSD_OMNI/apps/dsmscbot/main.py", line 464, in main
    create_rekordbox_xml(results, str(xml_path))
  File "/Users/daniil/Desktop/DSSD_OMNI/apps/dsmscbot/rekordbox_xml.py", line 258, in create_rekordbox_xml
    generator.create_playlist(generator._normalize_name(genre), cat_track_ids, genre_folder)
AttributeError: 'RekordboxXMLGenerator' object has no attribute '_normalize_name'
2026-02-17 03:07:12,007 - spotify_analyzer - WARNING - ⚠️ Spotify API не настроен (работа в базовом режиме)
2026-02-17 03:07:12,008 - __main__ - INFO - 🔍 Сканирование: /Users/daniil/Desktop/Music/ALLDSSD
2026-02-17 03:07:12,044 - __main__ - INFO - ✓ Найдено: 2031 аудиофайлов
2026-02-17 03:07:12,045 - __main__ - INFO - ✓ К анализу: 2031 треков
2026-02-17 03:07:12,045 - __main__ - INFO - Отменено
2026-02-17 03:16:37,167 - spotify_analyzer - WARNING - ⚠️ Spotify API не настроен (работа в базовом режиме)
2026-02-17 03:16:37,168 - __main__ - INFO - 🔍 Сканирование: /Users/daniil/Desktop/Music/ALLDSSD
2026-02-17 03:16:37,198 - __main__ - INFO - ✓ Найдено: 2031 аудиофайлов
2026-02-17 03:16:40,271 - __main__ - INFO - ✓ К анализу: 7 треков
2026-02-17 03:16:43,435 - __main__ - INFO - 🎵 Начинаем анализ 7 треков...
2026-02-17 03:16:43,436 - __main__ - INFO - Режим: параллельный (воркеров: 4)
2026-02-17 03:17:09,377 - __main__ - INFO - ✓ Анализ завершён: 7 треков
2026-02-17 03:17:09,385 - __main__ - INFO - Калибровка энергии: процентили 20%=1.000, 40%=1.000, 60%=1.000, 80%=1.000
2026-02-17 03:17:09,386 - __main__ - INFO - 📝 Создание Rekordbox XML...
2026-02-17 03:17:09,399 - __main__ - INFO - 📝 Создание M3U/PLS плейлистов...
2026-02-17 03:17:09,402 - __main__ - INFO - 💾 JSON отчёт: /Users/daniil/Desktop/DSSD_OMNI/apps/output/analysis_report_20260217_031709.json
2026-02-17 03:41:37,412 - spotify_analyzer - INFO - ✓ Spotify API подключен
2026-02-17 03:41:37,412 - __main__ - INFO - 🔍 Сканирование: /Users/daniil/Desktop/Music/ALLDSSD
2026-02-17 03:41:37,450 - __main__ - INFO - ✓ Найдено: 2031 аудиофайлов
2026-02-17 03:41:49,049 - __main__ - INFO - ✓ К анализу: 7 треков
2026-02-17 03:41:52,127 - __main__ - INFO - 🎵 Начинаем анализ 7 треков...
2026-02-17 03:41:52,127 - __main__ - INFO - Режим: параллельный (воркеров: 4)
2026-02-17 03:42:22,347 - __main__ - INFO - ✓ Анализ завершён: 7 треков
2026-02-17 03:42:22,361 - __main__ - INFO - Калибровка энергии: процентили 20%=1.000, 40%=1.000, 60%=1.000, 80%=1.000
2026-02-17 03:42:22,362 - __main__ - INFO - 📝 Создание Rekordbox XML...
2026-02-17 03:42:22,402 - __main__ - INFO - 📝 Создание M3U/PLS плейлистов...
2026-02-17 03:42:22,405 - __main__ - INFO - 💾 JSON отчёт: /Users/daniil/Desktop/DSSD_OMNI/apps/output/analysis_report_20260217_034222.json
2026-02-17 16:47:11,977 - __main__ - INFO - ✅ Путь к библиотеке: /Users/daniil/Desktop/Music/ALLDSSD
2026-02-17 16:47:12,031 - spotify_analyzer - INFO - ✓ Spotify API подключен
2026-02-17 16:47:12,035 - __main__ - INFO - 🔍 Сканирование: /Users/daniil/Desktop/Music/ALLDSSD
2026-02-17 16:47:12,080 - __main__ - INFO - ✓ Найдено: 2031 аудиофайлов
2026-02-17 16:47:12,081 - __main__ - INFO - ✓ К анализу: 2031 треков
2026-02-17 16:47:12,081 - __main__ - INFO - Отменено
2026-02-17 16:53:08,932 - __main__ - INFO - ✅ Путь к библиотеке: /Users/daniil/Desktop/Music/ALLDSSD
2026-02-17 16:53:08,955 - spotify_analyzer - INFO - ✓ Spotify API подключен
2026-02-17 16:53:08,957 - __main__ - INFO - 🔍 Сканирование: /Users/daniil/Desktop/Music/ALLDSSD
2026-02-17 16:53:08,968 - __main__ - INFO - ✓ Найдено: 2031 аудиофайлов
2026-02-17 16:53:13,163 - __main__ - INFO - ✓ К анализу: 7 треков
2026-02-17 16:53:17,780 - __main__ - INFO - 🎵 Начинаем анализ 7 треков...
2026-02-17 16:53:17,781 - __main__ - INFO - Режим: параллельный (воркеров: 4)
2026-02-17 16:53:44,067 - soundcloud_analyzer - ERROR - Ошибка получения токена: 429 {
    "error": "Rate Limit Exceeded"
}
2026-02-17 16:53:45,185 - soundcloud_analyzer - ERROR - Ошибка получения токена: 429 {
    "error": "Rate Limit Exceeded"
}
2026-02-17 16:53:46,277 - soundcloud_analyzer - ERROR - Ошибка получения токена: 429 {
    "error": "Rate Limit Exceeded"
}
2026-02-17 16:53:46,899 - soundcloud_analyzer - ERROR - Ошибка получения токена: 429 {
    "error": "Rate Limit Exceeded"
}
2026-02-17 16:53:49,810 - soundcloud_analyzer - ERROR - Ошибка получения токена: 429 {
    "error": "Rate Limit Exceeded"
}
2026-02-17 16:53:50,677 - soundcloud_analyzer - ERROR - Ошибка получения токена: 429 {
    "error": "Rate Limit Exceeded"
}
2026-02-17 16:53:53,118 - __main__ - INFO - ✓ Анализ завершён: 7 треков
2026-02-17 16:53:53,132 - __main__ - INFO - Калибровка энергии: процентили 20%=1.000, 40%=1.000, 60%=1.000, 80%=1.000
2026-02-17 16:53:53,133 - __main__ - INFO - 📝 Создание Rekordbox XML...
2026-02-17 16:53:53,156 - __main__ - INFO - 📝 Создание M3U/PLS плейлистов...
2026-02-17 16:53:53,159 - __main__ - INFO - 💾 JSON отчёт: /Users/daniil/Desktop/DSSD_OMNI/apps/output/analysis_report_20260217_165353.json
2026-02-17 19:15:32,651 - __main__ - INFO - ✅ Путь к библиотеке: /Users/daniil/Desktop/Music/ALLDSSD
2026-02-17 19:15:32,669 - spotify_analyzer - INFO - ✓ Spotify API подключен
2026-02-17 19:15:32,671 - __main__ - INFO - 🔍 Сканирование: /Users/daniil/Desktop/Music/ALLDSSD
2026-02-17 19:15:32,784 - __main__ - INFO - ✓ Найдено: 2031 аудиофайлов
2026-02-17 19:15:32,784 - __main__ - INFO - ✓ К анализу: 2031 треков
2026-02-17 19:15:32,785 - __main__ - INFO - Отменено
2026-02-17 19:27:37,088 - __main__ - INFO - ✅ Путь к библиотеке: /Users/daniil/Desktop/Music/ALLDSSD
2026-02-17 19:27:37,104 - spotify_analyzer - INFO - ✓ Spotify API подключен
2026-02-17 19:27:37,104 - __main__ - INFO - 🔍 Сканирование: /Users/daniil/Desktop/Music/ALLDSSD
2026-02-17 19:27:37,124 - __main__ - INFO - ✓ Найдено: 2031 аудиофайлов
2026-02-17 19:27:37,124 - __main__ - INFO - ✓ К анализу: 2031 треков
2026-02-17 19:27:37,124 - __main__ - INFO - Отменено
