   ✅ Временные файлы удалены.

[1;33m7. Удаление явных файлов-дубликатов (содержат (1), копия, copy, дубль)[0m
   🗑️ Удаляю дубликат: ./apps/dsmscbot/venv/lib/python3.12/site-packages/numpy/_core/tests/data/astype_copy.pkl
   🗑️ Удаляю дубликат: ./apps/dsmscbot/venv/lib/python3.12/site-packages/telegram/_copytextbutton.py
   🗑️ Удаляю дубликат: ./apps/dsmscbot/venv/lib/python3.12/site-packages/pandas/tests/series/methods/test_copy.py
   🗑️ Удаляю дубликат: ./apps/dsmscbot/venv/lib/python3.12/site-packages/pandas/tests/copy_view/test_copy_deprecation.py
   🗑️ Удаляю дубликат: ./apps/dsmscbot/venv/lib/python3.12/site-packages/pandas/tests/frame/methods/test_copy.py
   🗑️ Удаляю дубликат: ./apps/dsmscbot/venv/lib/python3.12/site-packages/pandas/tests/indexes/multi/test_copy.py

[1;33m8. Проверка служебных файлов[0m
   ✅ .gitignore
   ✅ README.md
   ✅ configs/.env.example

[0;34m========================================[0m

[0;34m========================================[0m
[0;34m   ИТОГОВЫЙ ОТЧЁТ                      [0m
[0;34m   ИТОГОВЫЙ ОТЧЁТ                      [0m
[0;34m========================================[0m
[0;34m========================================[0m
   Критических ошибок: 0
   Предупреждений: 0
