2026-02-19 00:00:00,510 - apscheduler.executors.default - INFO - Running job "FPLSource.run (trigger: cron[month='*', day='*', day_of_week='*', hour='*/12', minute='0'], next run at: 2026-02-19 12:00:00 MSK)" (scheduled at 2026-02-19 00:00:00+03:00)
2026-02-19 00:00:01,063 - apscheduler.executors.default - WARNING - Run time of job "FPLSource.run (trigger: cron[month='*', day='*', day_of_week='*', hour='*', minute='*/30'], next run at: 2026-02-19 00:30:00 MSK)" was missed by 0:00:01.063920
2026-02-19 00:00:01,065 - apscheduler.executors.default - WARNING - Run time of job "FPLSource.run (trigger: cron[month='*', day='*', day_of_week='*', hour='*/6', minute='0'], next run at: 2026-02-19 06:00:00 MSK)" was missed by 0:00:01.065621
2026-02-19 00:00:01,069 - apscheduler.executors.default - WARNING - Run time of job "FPLSource.run (trigger: cron[month='*', day='*', day_of_week='*', hour='*/2', minute='0'], next run at: 2026-02-19 02:00:00 MSK)" was missed by 0:00:01.066043
2026-02-19 00:00:03,010 - apscheduler.executors.default - ERROR - Job "FPLSource.run (trigger: cron[month='*', day='*', day_of_week='*', hour='*/12', minute='0'], next run at: 2026-02-19 12:00:00 MSK)" raised an exception
Traceback (most recent call last):
  File "/Library/Frameworks/Python.framework/Versions/3.11/lib/python3.11/site-packages/apscheduler/executors/base_py3.py", line 30, in run_coroutine_job
    retval = await job.func(*job.args, **job.kwargs)
             ^^^^^^^^^^^^^^^^^^^^^^^^^^^^^^^^^^^^^^^
  File "/Users/daniil/Desktop/DSSD_OMNI/apps/dsdeepparser/core/base.py", line 37, in run
    await self.store(transformed)
  File "/Users/daniil/Desktop/DSSD_OMNI/apps/dsdeepparser/sources/fpl.py", line 54, in store
    print("FPL ingestion completed successfully")
        ^^^^^^^^^^^^^^^^^^^^^^^^^^^^^^^^^^^^^^^^^^
  File "/Users/daniil/Desktop/DSSD_OMNI/apps/dsdeepparser/storage/sqlite_storage.py", line 16, in store
    import sqlite3
                   
KeyError: 'table'
2026-02-19 00:30:00,159 - apscheduler.executors.default - INFO - Running job "FPLSource.run (trigger: cron[month='*', day='*', day_of_week='*', hour='*', minute='*/30'], next run at: 2026-02-19 01:00:00 MSK)" (scheduled at 2026-02-19 00:30:00+03:00)
2026-02-19 00:30:01,048 - core.transformer - WARNING - Ошибка вычисления (rank - 1) / (total_entries - 1) if total_entries > 1 else 0: name 'total_entries' is not defined
2026-02-19 00:30:01,052 - apscheduler.executors.default - ERROR - Job "FPLSource.run (trigger: cron[month='*', day='*', day_of_week='*', hour='*', minute='*/30'], next run at: 2026-02-19 01:00:00 MSK)" raised an exception
Traceback (most recent call last):
  File "/Library/Frameworks/Python.framework/Versions/3.11/lib/python3.11/site-packages/apscheduler/executors/base_py3.py", line 30, in run_coroutine_job
    retval = await job.func(*job.args, **job.kwargs)
             ^^^^^^^^^^^^^^^^^^^^^^^^^^^^^^^^^^^^^^^
  File "/Users/daniil/Desktop/DSSD_OMNI/apps/dsdeepparser/core/base.py", line 37, in run
    await self.store(transformed)
  File "/Users/daniil/Desktop/DSSD_OMNI/apps/dsdeepparser/sources/fpl.py", line 54, in store
    print("FPL ingestion completed successfully")
        ^^^^^^^^^^^^^^^^^^^^^^^^^^^^^^^^^^^^^^^^^^
  File "/Users/daniil/Desktop/DSSD_OMNI/apps/dsdeepparser/storage/sqlite_storage.py", line 16, in store
    import sqlite3
                   
KeyError: 'table'
2026-02-19 01:00:00,143 - apscheduler.executors.default - INFO - Running job "FPLSource.run (trigger: cron[month='*', day='*', day_of_week='*', hour='*', minute='*/30'], next run at: 2026-02-19 01:30:00 MSK)" (scheduled at 2026-02-19 01:00:00+03:00)
2026-02-19 01:00:01,034 - core.transformer - WARNING - Ошибка вычисления (rank - 1) / (total_entries - 1) if total_entries > 1 else 0: name 'total_entries' is not defined
2026-02-19 01:00:01,039 - apscheduler.executors.default - ERROR - Job "FPLSource.run (trigger: cron[month='*', day='*', day_of_week='*', hour='*', minute='*/30'], next run at: 2026-02-19 01:30:00 MSK)" raised an exception
Traceback (most recent call last):
  File "/Library/Frameworks/Python.framework/Versions/3.11/lib/python3.11/site-packages/apscheduler/executors/base_py3.py", line 30, in run_coroutine_job
    retval = await job.func(*job.args, **job.kwargs)
             ^^^^^^^^^^^^^^^^^^^^^^^^^^^^^^^^^^^^^^^
  File "/Users/daniil/Desktop/DSSD_OMNI/apps/dsdeepparser/core/base.py", line 37, in run
    await self.store(transformed)
  File "/Users/daniil/Desktop/DSSD_OMNI/apps/dsdeepparser/sources/fpl.py", line 54, in store
    print("FPL ingestion completed successfully")
        ^^^^^^^^^^^^^^^^^^^^^^^^^^^^^^^^^^^^^^^^^^
  File "/Users/daniil/Desktop/DSSD_OMNI/apps/dsdeepparser/storage/sqlite_storage.py", line 16, in store
    import sqlite3
                   
KeyError: 'table'
2026-02-19 01:05:46,904 - ml.export - INFO - Экспорт данных...
2026-02-19 01:30:00,108 - apscheduler.executors.default - INFO - Running job "FPLSource.run (trigger: cron[month='*', day='*', day_of_week='*', hour='*', minute='*/30'], next run at: 2026-02-19 02:00:00 MSK)" (scheduled at 2026-02-19 01:30:00+03:00)
2026-02-19 01:30:00,683 - core.transformer - WARNING - Ошибка вычисления (rank - 1) / (total_entries - 1) if total_entries > 1 else 0: name 'total_entries' is not defined
2026-02-19 01:30:00,685 - apscheduler.executors.default - ERROR - Job "FPLSource.run (trigger: cron[month='*', day='*', day_of_week='*', hour='*', minute='*/30'], next run at: 2026-02-19 02:00:00 MSK)" raised an exception
Traceback (most recent call last):
  File "/Library/Frameworks/Python.framework/Versions/3.11/lib/python3.11/site-packages/apscheduler/executors/base_py3.py", line 30, in run_coroutine_job
    retval = await job.func(*job.args, **job.kwargs)
             ^^^^^^^^^^^^^^^^^^^^^^^^^^^^^^^^^^^^^^^
  File "/Users/daniil/Desktop/DSSD_OMNI/apps/dsdeepparser/core/base.py", line 37, in run
    await self.store(transformed)
  File "/Users/daniil/Desktop/DSSD_OMNI/apps/dsdeepparser/sources/fpl.py", line 54, in store
    print("FPL ingestion completed successfully")
        ^^^^^^^^^^^^^^^^^^^^^^^^^^^^^^^^^^^^^^^^^^
  File "/Users/daniil/Desktop/DSSD_OMNI/apps/dsdeepparser/storage/sqlite_storage.py", line 16, in store
    import sqlite3
                   
KeyError: 'table'
2026-02-19 11:43:42,439 - apscheduler.executors.default - WARNING - Run time of job "FPLSource.run (trigger: cron[month='*', day='*', day_of_week='*', hour='*', minute='*/30'], next run at: 2026-02-19 12:00:00 MSK)" was missed by 0:13:42.438542
2026-02-19 11:43:42,447 - apscheduler.executors.default - WARNING - Run time of job "FPLSource.run (trigger: cron[month='*', day='*', day_of_week='*', hour='*/2', minute='0'], next run at: 2026-02-19 12:00:00 MSK)" was missed by 1:43:42.447058
2026-02-19 11:43:42,448 - apscheduler.executors.default - WARNING - Run time of job "FPLSource.run (trigger: cron[month='*', day='*', day_of_week='*', hour='*/6', minute='0'], next run at: 2026-02-19 12:00:00 MSK)" was missed by 5:43:42.448099
2026-02-19 12:00:00,030 - apscheduler.executors.default - INFO - Running job "FPLSource.run (trigger: cron[month='*', day='*', day_of_week='*', hour='*/12', minute='0'], next run at: 2026-02-20 00:00:00 MSK)" (scheduled at 2026-02-19 12:00:00+03:00)
2026-02-19 12:00:00,049 - apscheduler.executors.default - INFO - Running job "FPLSource.run (trigger: cron[month='*', day='*', day_of_week='*', hour='*', minute='*/30'], next run at: 2026-02-19 12:30:00 MSK)" (scheduled at 2026-02-19 12:00:00+03:00)
2026-02-19 12:00:00,052 - apscheduler.executors.default - INFO - Running job "FPLSource.run (trigger: cron[month='*', day='*', day_of_week='*', hour='*/6', minute='0'], next run at: 2026-02-19 18:00:00 MSK)" (scheduled at 2026-02-19 12:00:00+03:00)
2026-02-19 12:00:00,056 - apscheduler.executors.default - INFO - Running job "FPLSource.run (trigger: cron[month='*', day='*', day_of_week='*', hour='*/2', minute='0'], next run at: 2026-02-19 14:00:00 MSK)" (scheduled at 2026-02-19 12:00:00+03:00)
2026-02-19 12:00:00,742 - core.transformer - WARNING - Ошибка вычисления (rank - 1) / (total_entries - 1) if total_entries > 1 else 0: name 'total_entries' is not defined
2026-02-19 12:00:00,753 - apscheduler.executors.default - ERROR - Job "FPLSource.run (trigger: cron[month='*', day='*', day_of_week='*', hour='*', minute='*/30'], next run at: 2026-02-19 12:30:00 MSK)" raised an exception
Traceback (most recent call last):
  File "/Library/Frameworks/Python.framework/Versions/3.11/lib/python3.11/site-packages/apscheduler/executors/base_py3.py", line 30, in run_coroutine_job
    retval = await job.func(*job.args, **job.kwargs)
             ^^^^^^^^^^^^^^^^^^^^^^^^^^^^^^^^^^^^^^^
  File "/Users/daniil/Desktop/DSSD_OMNI/apps/dsdeepparser/core/base.py", line 37, in run
    await self.store(transformed)
  File "/Users/daniil/Desktop/DSSD_OMNI/apps/dsdeepparser/sources/fpl.py", line 54, in store
    print("FPL ingestion completed successfully")
        ^^^^^^^^^^^^^^^^^^^^^^^^^^^^^^^^^^^^^^^^^^
  File "/Users/daniil/Desktop/DSSD_OMNI/apps/dsdeepparser/storage/sqlite_storage.py", line 16, in store
    import sqlite3
                   
KeyError: 'table'
2026-02-19 12:00:00,756 - apscheduler.executors.default - INFO - Job "FPLSource.run (trigger: cron[month='*', day='*', day_of_week='*', hour='*/2', minute='0'], next run at: 2026-02-19 14:00:00 MSK)" executed successfully
2026-02-19 12:00:00,757 - apscheduler.executors.default - INFO - Job "FPLSource.run (trigger: cron[month='*', day='*', day_of_week='*', hour='*/6', minute='0'], next run at: 2026-02-19 18:00:00 MSK)" executed successfully
2026-02-19 12:00:02,398 - apscheduler.executors.default - ERROR - Job "FPLSource.run (trigger: cron[month='*', day='*', day_of_week='*', hour='*/12', minute='0'], next run at: 2026-02-20 00:00:00 MSK)" raised an exception
Traceback (most recent call last):
  File "/Library/Frameworks/Python.framework/Versions/3.11/lib/python3.11/site-packages/apscheduler/executors/base_py3.py", line 30, in run_coroutine_job
    retval = await job.func(*job.args, **job.kwargs)
             ^^^^^^^^^^^^^^^^^^^^^^^^^^^^^^^^^^^^^^^
  File "/Users/daniil/Desktop/DSSD_OMNI/apps/dsdeepparser/core/base.py", line 37, in run
    await self.store(transformed)
  File "/Users/daniil/Desktop/DSSD_OMNI/apps/dsdeepparser/sources/fpl.py", line 54, in store
    print("FPL ingestion completed successfully")
        ^^^^^^^^^^^^^^^^^^^^^^^^^^^^^^^^^^^^^^^^^^
  File "/Users/daniil/Desktop/DSSD_OMNI/apps/dsdeepparser/storage/sqlite_storage.py", line 16, in store
    import sqlite3
                   
KeyError: 'table'
2026-02-19 12:30:00,007 - apscheduler.executors.default - INFO - Running job "FPLSource.run (trigger: cron[month='*', day='*', day_of_week='*', hour='*', minute='*/30'], next run at: 2026-02-19 13:00:00 MSK)" (scheduled at 2026-02-19 12:30:00+03:00)
2026-02-19 12:30:00,982 - core.transformer - WARNING - Ошибка вычисления (rank - 1) / (total_entries - 1) if total_entries > 1 else 0: name 'total_entries' is not defined
2026-02-19 12:30:00,984 - apscheduler.executors.default - ERROR - Job "FPLSource.run (trigger: cron[month='*', day='*', day_of_week='*', hour='*', minute='*/30'], next run at: 2026-02-19 13:00:00 MSK)" raised an exception
Traceback (most recent call last):
  File "/Library/Frameworks/Python.framework/Versions/3.11/lib/python3.11/site-packages/apscheduler/executors/base_py3.py", line 30, in run_coroutine_job
    retval = await job.func(*job.args, **job.kwargs)
             ^^^^^^^^^^^^^^^^^^^^^^^^^^^^^^^^^^^^^^^
  File "/Users/daniil/Desktop/DSSD_OMNI/apps/dsdeepparser/core/base.py", line 37, in run
    await self.store(transformed)
  File "/Users/daniil/Desktop/DSSD_OMNI/apps/dsdeepparser/sources/fpl.py", line 54, in store
    print("FPL ingestion completed successfully")
        ^^^^^^^^^^^^^^^^^^^^^^^^^^^^^^^^^^^^^^^^^^
  File "/Users/daniil/Desktop/DSSD_OMNI/apps/dsdeepparser/storage/sqlite_storage.py", line 16, in store
    import sqlite3
                   
KeyError: 'table'
2026-02-19 13:00:00,008 - apscheduler.executors.default - INFO - Running job "FPLSource.run (trigger: cron[month='*', day='*', day_of_week='*', hour='*', minute='*/30'], next run at: 2026-02-19 13:30:00 MSK)" (scheduled at 2026-02-19 13:00:00+03:00)
2026-02-19 13:00:00,735 - core.transformer - WARNING - Ошибка вычисления (rank - 1) / (total_entries - 1) if total_entries > 1 else 0: name 'total_entries' is not defined
2026-02-19 13:00:00,737 - apscheduler.executors.default - ERROR - Job "FPLSource.run (trigger: cron[month='*', day='*', day_of_week='*', hour='*', minute='*/30'], next run at: 2026-02-19 13:30:00 MSK)" raised an exception
Traceback (most recent call last):
  File "/Library/Frameworks/Python.framework/Versions/3.11/lib/python3.11/site-packages/apscheduler/executors/base_py3.py", line 30, in run_coroutine_job
    retval = await job.func(*job.args, **job.kwargs)
             ^^^^^^^^^^^^^^^^^^^^^^^^^^^^^^^^^^^^^^^
  File "/Users/daniil/Desktop/DSSD_OMNI/apps/dsdeepparser/core/base.py", line 37, in run
    await self.store(transformed)
  File "/Users/daniil/Desktop/DSSD_OMNI/apps/dsdeepparser/sources/fpl.py", line 54, in store
    print("FPL ingestion completed successfully")
        ^^^^^^^^^^^^^^^^^^^^^^^^^^^^^^^^^^^^^^^^^^
  File "/Users/daniil/Desktop/DSSD_OMNI/apps/dsdeepparser/storage/sqlite_storage.py", line 16, in store
    import sqlite3
                   
KeyError: 'table'
